Start testing: Jan 03 19:19 EST
----------------------------------------------------------
1/1 Testing: Build system works
1/1 Test: Build system works
Command: "/Users/rdeusser/src/personal/kufeditor/build/kufeditor_tests" "Build system works"
Directory: /Users/rdeusser/src/personal/kufeditor/build
"Build system works" start time: Jan 03 19:19 EST
Output:
----------------------------------------------------------
Filters: "Build system works"
Randomness seeded to: 1568805205
===============================================================================
All tests passed (1 assertion in 1 test case)

<end of output>
Test time =   0.00 sec
----------------------------------------------------------
Test Passed.
"Build system works" end time: Jan 03 19:19 EST
"Build system works" time elapsed: 00:00:00
----------------------------------------------------------

End testing: Jan 03 19:19 EST
